<?xml version="1.0" encoding="UTF-8"?>
<!-- Generated by org.testng.reporters.JUnitReportReporter -->
<testsuite skipped="0" hostname="SexyGoddess" name="testng.FirstTestNG" tests="3" failures="0" timestamp="18 May 2018 03:47:39 GMT" time="9.124" errors="0">
  <testcase name="launchBrowser" time="3.636" classname="testng.FirstTestNG"/>
  <testcase name="searchAutomation" time="1.278" classname="testng.FirstTestNG"/>
  <testcase name="visitSecondResultAfterSearch" time="4.210" classname="testng.FirstTestNG"/>
</testsuite> <!-- testng.FirstTestNG -->
